<?xml version="1.0" encoding="UTF-8"?>
<!-- Generated by org.testng.reporters.JUnitReportReporter -->
<testsuite hostname="DESKTOP-M0OO5DE" failures="0" tests="1" name="flipkartTest.FlipkartTest" time="66.765" errors="0" timestamp="2022-09-27T21:10:43 IST" skipped="0">
  <testcase classname="flipkartTest.FlipkartTest" name="addHeaterToCart" time="66.765"/>
  <system-out/>
</testsuite> <!-- flipkartTest.FlipkartTest -->
