<?xml version="1.0" encoding="UTF-8"?>
<!-- Generated by org.testng.reporters.JUnitReportReporter -->
<testsuite hostname="DESKTOP-M0OO5DE" failures="0" tests="1" name="flipkartTest.FlipkartTest1" time="56.143" errors="0" timestamp="2022-09-27T23:19:42 IST" skipped="0">
  <testcase classname="flipkartTest.FlipkartTest1" name="addHeaterToCart" time="56.143"/>
  <system-out/>
</testsuite> <!-- flipkartTest.FlipkartTest1 -->
