<?xml version="1.0" encoding="UTF-8"?>
<!-- Generated by org.testng.reporters.JUnitReportReporter -->
<testsuite hostname="DESKTOP-M0OO5DE" failures="0" tests="1" name="flipkartTest.FlipkartTest2" time="23.929" errors="0" timestamp="2022-09-27T23:22:39 IST" skipped="0">
  <testcase classname="flipkartTest.FlipkartTest2" name="sort4gbRedmiPhones" time="23.929"/>
  <system-out/>
</testsuite> <!-- flipkartTest.FlipkartTest2 -->
